<?xml version="1.0" encoding="UTF-8" ?>
<!DOCTYPE html PUBLIC "-//W3C//DTD XHTML 1.0 Strict//EN" "http://www.w3.org/TR/xhtml1/DTD/xhtml1-strict.dtd">
<!-- This file was created with the aha Ansi HTML Adapter. https://github.com/theZiz/aha -->
<html xmlns="http://www.w3.org/1999/xhtml">
<head>
<meta http-equiv="Content-Type" content="application/xml+xhtml; charset=UTF-8" />
<title>autonameow Integration Test Log 2017-05-22T182719</title>
</head>
<body>
<pre>
2017-05-22 18:27:19 Started integration test runner &quot;integration_runner.sh&quot;
2017-05-22 18:27:19 Executing all files in &quot;/Users/jonas/Dropbox/LNU/1DV430_IndividuelltProjekt/src/js224eh-project.git/tests&quot; matching &quot;integration_test_*.sh&quot;..
2017-05-22 18:27:19 Started &quot;integration_test_cli.sh&quot;
2017-05-22 18:27:19 Running the Command-Line Interface test suite ..
2017-05-22 18:27:19 <span style="color:green;">[PASSED]</span>  Should be running a target operating system
2017-05-22 18:27:19 <span style="color:green;">[PASSED]</span>  Python v3.x is available on the system
2017-05-22 18:27:19 <span style="color:green;">[PASSED]</span>  Environment variable &quot;AUTONAMEOW_RUNNER&quot; should not be unset
2017-05-22 18:27:19 <span style="color:green;">[PASSED]</span>  The autonameow launcher script &quot;run.sh&quot; exists
2017-05-22 18:27:19 <span style="color:green;">[PASSED]</span>  The autonameow launcher script has executable permission
2017-05-22 18:27:20 <span style="color:green;">[PASSED]</span>  The autonameow launcher script can be started with no arguments
2017-05-22 18:27:20 <span style="color:green;">[PASSED]</span>  [TC005] autonameow should print how to get help when started with no arguments
2017-05-22 18:27:20 <span style="color:green;">[PASSED]</span>  [TC005] autonameow should display usage information when started with &quot;--help&quot;
2017-05-22 18:27:20 <span style="color:green;">[PASSED]</span>  [TC001] autonameow should provide a &quot;--dry-run&quot; option
2017-05-22 18:27:20 <span style="color:red;">[FAILED]</span>  [TC013] autonameow should provide a &quot;--interactive&quot; option
2017-05-22 18:27:20 <span style="color:red;">[ SOME TESTS FAILED ]</span>
2017-05-22 18:27:20 Summary:  10 total, 9 passed, 1 failed
2017-05-22 18:27:20 Completed the Command-Line Interface test suite tests in 1152 ms
2017-05-22 18:27:21 Started &quot;integration_test_docs.sh&quot;
2017-05-22 18:27:21 Running the Documentation test suite ..
2017-05-22 18:27:21 <span style="color:green;">[PASSED]</span>  Documentation directory &quot;docs&quot; should exist
2017-05-22 18:27:21 <span style="color:green;">[PASSED]</span>  Data formats docs &quot;formats.md&quot; should exist
2017-05-22 18:27:21 <span style="color:green;">[PASSED]</span>  [TC006][TC008] Data formats docs contains at least 50 lines
2017-05-22 18:27:21 <span style="color:red;">[FAILED]</span>  [TC006][TC008] Data formats docs does not contain TODOs
2017-05-22 18:27:21 <span style="color:green;">[PASSED]</span>  The root source directory should contain a &quot;README.md&quot;
2017-05-22 18:27:21 <span style="color:green;">[PASSED]</span>  Main README.md does not contain TODOs
2017-05-22 18:27:21 <span style="color:green;">[PASSED]</span>  The project Wiki should contain &quot;Test-Results.md&quot;
2017-05-22 18:27:21 <span style="color:red;">[FAILED]</span>  [TC012] Data formats docs does not contain TODOs
2017-05-22 18:27:21 <span style="color:red;">[FAILED]</span>  [TC012] Main rule matching source matcher.py does not contain TODOs
2017-05-22 18:27:21 <span style="color:green;">[PASSED]</span>  Varible for number of tracked files should not be unset
2017-05-22 18:27:21 <span style="color:green;">[PASSED]</span>  Varible for number of untracked files should not be unset
2017-05-22 18:27:21 <span style="color:green;">[PASSED]</span>  All tracked logs should be included in the wiki &quot;Test Results&quot; page
2017-05-22 18:27:21 <span style="color:green;">[PASSED]</span>  The wiki &quot;Test Results&quot; page should not contain untracked files
2017-05-22 18:27:21 <span style="color:red;">[ SOME TESTS FAILED ]</span>
2017-05-22 18:27:21 Summary:  13 total, 10 passed, 3 failed
2017-05-22 18:27:21 Completed the Documentation test suite tests in 365 ms
2017-05-22 18:27:21 Started &quot;integration_test_src.sh&quot;
2017-05-22 18:27:21 Running the Source Code test suite ..
2017-05-22 18:27:21 <span style="color:green;">[PASSED]</span>  The source file containing the &quot;analysis&quot; class exists
2017-05-22 18:27:21 <span style="color:green;">[PASSED]</span>  [TC007] The analysis class should not perform results printing
2017-05-22 18:27:21 <span style="color:green;">[ ALL TESTS PASSED ]</span>
2017-05-22 18:27:21 Summary:  2 total, 2 passed, 0 failed
2017-05-22 18:27:21 Completed the Source Code test suite tests in 79 ms
2017-05-22 18:27:21 Started &quot;integration_test_tests.sh&quot;
2017-05-22 18:27:21 Running the Test Suite test suite ..
2017-05-22 18:27:21 <span style="color:green;">[PASSED]</span>  Expect success .. (true positive)
2017-05-22 18:27:21 <span style="color:green;">[PASSED]</span>  Expect success .. (true positive)
2017-05-22 18:27:21 <span style="color:green;">[PASSED]</span>  Shared test utility library exists
2017-05-22 18:27:21 <span style="color:green;">[PASSED]</span>  Shared test utility library is executable
2017-05-22 18:27:21 <span style="color:green;">[PASSED]</span>  Environment variable &quot;AUTONAMEOW_ROOT_DIR&quot; should not be unset
2017-05-22 18:27:21 <span style="color:green;">[PASSED]</span>  Environment variable &quot;AUTONAMEOW_ROOT_DIR&quot; should be a directory
2017-05-22 18:27:21 <span style="color:green;">[PASSED]</span>  Environment variable &quot;AUTONAMEOW_TESTRESULTS_DIR&quot; should not be unset
2017-05-22 18:27:21 <span style="color:green;">[PASSED]</span>  Environment variable &quot;AUTONAMEOW_TESTRESULTS_DIR&quot; should be a directory
2017-05-22 18:27:21 <span style="color:green;">[PASSED]</span>  Environment variable &quot;AUTONAMEOW_WIKI_ROOT_DIR&quot; should not be unset
2017-05-22 18:27:21 <span style="color:green;">[PASSED]</span>  Environment variable &quot;AUTONAMEOW_WIKI_ROOT_DIR&quot; should be a directory
2017-05-22 18:27:21 <span style="color:green;">[PASSED]</span>  The integration test runner exists
2017-05-22 18:27:21 <span style="color:green;">[PASSED]</span>  The integration test runner is executable
2017-05-22 18:27:21 <span style="color:green;">[PASSED]</span>  The Command-Line Interface test suite exists
2017-05-22 18:27:22 <span style="color:green;">[PASSED]</span>  The Command-Line Interface test suite is executable
2017-05-22 18:27:22 <span style="color:green;">[PASSED]</span>  The Documentation test suite exists
2017-05-22 18:27:22 <span style="color:green;">[PASSED]</span>  The Documentation test suite is executable
2017-05-22 18:27:22 <span style="color:green;">[PASSED]</span>  The unit test runner exists
2017-05-22 18:27:22 <span style="color:green;">[PASSED]</span>  The unit test runner is executable
2017-05-22 18:27:22 <span style="color:green;">[PASSED]</span>  The executable &quot;aha&quot; is available on the system
2017-05-22 18:27:22 <span style="color:green;">[PASSED]</span>  The executable &quot;pytest&quot; is available on the system
2017-05-22 18:27:22 <span style="color:green;">[PASSED]</span>  Module &quot;pytest-html&quot; is available on the system
2017-05-22 18:27:22 <span style="color:green;">[PASSED]</span>  Should be running a target operating system
2017-05-22 18:27:22 <span style="color:green;">[PASSED]</span>  &quot;get_timestamp_from_basename&quot; is a function
2017-05-22 18:27:22 <span style="color:green;">[PASSED]</span>  &quot;get_timestamp_from_basename&quot; returns empty string given &quot;abc&quot;
2017-05-22 18:27:22 <span style="color:green;">[PASSED]</span>  &quot;get_timestamp_from_basename&quot; returns &quot;2017-05-15 13:48:01&quot; given &quot;unittest_log_2017-05-15T134801.html&quot;
2017-05-22 18:27:22 <span style="color:green;">[ ALL TESTS PASSED ]</span>
2017-05-22 18:27:22 Summary:  25 total, 25 passed, 0 failed
2017-05-22 18:27:22 Completed the Test Suite test suite tests in 734 ms
2017-05-22 18:27:22 Total execution time: 2989 ms
</pre>
</body>
</html>
